c:\users\vinh\source\repos\angdy62\contra_2024\contra\contra\x64\debug\vc143.pdb
c:\users\vinh\source\repos\angdy62\contra_2024\contra\contra\x64\debug\vc143.idb
c:\users\vinh\source\repos\angdy62\contra_2024\contra\contra\x64\debug\textures.obj
c:\users\vinh\source\repos\angdy62\contra_2024\contra\contra\x64\debug\sprites.obj
c:\users\vinh\source\repos\angdy62\contra_2024\contra\contra\x64\debug\sprite.obj
c:\users\vinh\source\repos\angdy62\contra_2024\contra\contra\x64\debug\samplekeyeventhandler.obj
c:\users\vinh\source\repos\angdy62\contra_2024\contra\contra\x64\debug\mario.obj
c:\users\vinh\source\repos\angdy62\contra_2024\contra\contra\x64\debug\main.obj
c:\users\vinh\source\repos\angdy62\contra_2024\contra\contra\x64\debug\gameobject.obj
c:\users\vinh\source\repos\angdy62\contra_2024\contra\contra\x64\debug\game.obj
c:\users\vinh\source\repos\angdy62\contra_2024\contra\contra\x64\debug\debug.obj
c:\users\vinh\source\repos\angdy62\contra_2024\contra\contra\x64\debug\brick.obj
c:\users\vinh\source\repos\angdy62\contra_2024\contra\contra\x64\debug\animations.obj
c:\users\vinh\source\repos\angdy62\contra_2024\contra\contra\x64\debug\animation.obj
c:\users\vinh\source\repos\angdy62\contra_2024\contra\contra\x64\debug\marios.obj
c:\users\vinh\source\repos\angdy62\contra_2024\contra\x64\debug\d3dcompiler_43.dll
c:\users\vinh\source\repos\angdy62\contra_2024\contra\x64\debug\d3dx9d_43.dll
c:\users\vinh\source\repos\angdy62\contra_2024\contra\x64\debug\d3dx10d_43.dll
c:\users\vinh\source\repos\angdy62\contra_2024\contra\x64\debug\d3dx11d_43.dll
d:\game\contra\contra\x64\debug\contra.ilk
d:\game\contra\x64\debug\contra.exe
d:\game\contra\x64\debug\contra.pdb
c:\users\vinh\source\repos\angdy62\contra_2024\contra\x64\debug\contra.exe
c:\users\vinh\source\repos\angdy62\contra_2024\contra\contra\x64\debug\contra.ilk
c:\users\vinh\source\repos\angdy62\contra_2024\contra\x64\debug\contra.pdb
c:\users\vinh\source\repos\angdy62\contra_2024\contra\contra\x64\debug\contra.tlog\cl.command.1.tlog
c:\users\vinh\source\repos\angdy62\contra_2024\contra\contra\x64\debug\contra.tlog\cl.read.1.tlog
c:\users\vinh\source\repos\angdy62\contra_2024\contra\contra\x64\debug\contra.tlog\cl.write.1.tlog
c:\users\vinh\source\repos\angdy62\contra_2024\contra\contra\x64\debug\contra.tlog\copylocal.read.1u.tlog
c:\users\vinh\source\repos\angdy62\contra_2024\contra\contra\x64\debug\contra.tlog\copylocal.write.1u.tlog
c:\users\vinh\source\repos\angdy62\contra_2024\contra\contra\x64\debug\contra.tlog\link.command.1.tlog
c:\users\vinh\source\repos\angdy62\contra_2024\contra\contra\x64\debug\contra.tlog\link.read.1.tlog
c:\users\vinh\source\repos\angdy62\contra_2024\contra\contra\x64\debug\contra.tlog\link.write.1.tlog
